<?xml version="1.0" encoding="UTF-8"?>
<!-- Generated by org.testng.reporters.JUnitReportReporter -->
<testsuite hostname="MSI" failures="0" tests="1" name="com.apidemos.tests.app.FirstAppTest" time="28.249" errors="0" timestamp="2022-07-28T00:26:35 IST" skipped="0">
  <testcase classname="com.apidemos.tests.app.FirstAppTest" name="f" time="28.249"/>
  <system-out/>
</testsuite> <!-- com.apidemos.tests.app.FirstAppTest -->
