<?xml version="1.0" encoding="UTF-8"?>
<!-- Generated by org.testng.reporters.JUnitReportReporter -->
<testsuite hostname="MSI" failures="0" tests="1" name="com.apidemos.tests.web.FirstWebTest" time="12.865" errors="0" timestamp="2022-07-29T00:12:16 IST" skipped="0">
  <testcase classname="com.apidemos.tests.web.FirstWebTest" name="f" time="12.865"/>
  <system-out/>
</testsuite> <!-- com.apidemos.tests.web.FirstWebTest -->
