<?xml version="1.0" encoding="UTF-8"?>
<!-- Generated by org.testng.reporters.JUnitReportReporter -->
<testsuite hostname="MSI" failures="0" tests="1" name="com.apidemos.tests.app.FirstAppTest" time="3.502" errors="0" timestamp="2022-07-27T20:39:45 IST" skipped="0">
  <testcase classname="com.apidemos.tests.app.FirstAppTest" name="f" time="3.502"/>
  <system-out/>
</testsuite> <!-- com.apidemos.tests.app.FirstAppTest -->
