<?xml version="1.0" encoding="UTF-8"?>
<!-- Generated by org.testng.reporters.JUnitReportReporter -->
<testsuite hostname="MSI" failures="0" tests="1" name="com.apidemos.tests.web.FirstWebTest" time="10.129" errors="0" timestamp="2022-07-27T00:06:45 IST" skipped="0">
  <testcase classname="com.apidemos.tests.web.FirstWebTest" name="f" time="10.129"/>
  <system-out/>
</testsuite> <!-- com.apidemos.tests.web.FirstWebTest -->
