<?xml version="1.0" encoding="UTF-8"?>
<!-- Generated by org.testng.reporters.JUnitReportReporter -->
<testsuite hostname="MSI" failures="0" tests="1" name="com.apidemos.tests.FirstTest" time="18.184" errors="0" timestamp="2022-07-26T23:41:18 IST" skipped="0">
  <testcase classname="com.apidemos.tests.FirstTest" name="f" time="18.184"/>
  <system-out/>
</testsuite> <!-- com.apidemos.tests.FirstTest -->
