<?xml version="1.0" encoding="UTF-8"?>
<!-- Generated by org.testng.reporters.JUnitReportReporter -->
<testsuite hostname="MSI" failures="0" tests="1" name="com.apidemos.tests.app.FirstAppTest" time="27.400" errors="0" timestamp="2022-07-27T19:22:53 IST" skipped="0">
  <testcase classname="com.apidemos.tests.app.FirstAppTest" name="f" time="27.400"/>
  <system-out/>
</testsuite> <!-- com.apidemos.tests.app.FirstAppTest -->
